# JRE version: Java(TM) SE Runtime Environment (8.0_131-b11) (build 1.8.0_131-b11)
# Java VM: Java HotSpot(TM) 64-Bit Server VM (25.131-b11 mixed mode windows-amd64 compressed oops)
Heap:
 PSYoungGen      total 276480K, used 12772K [0x00000000d5a00000, 0x00000000eda80000, 0x0000000100000000)
  eden space 263680K, 0% used [0x00000000d5a00000,0x00000000d5a00000,0x00000000e5b80000)
  from space 12800K, 99% used [0x00000000e5b80000,0x00000000e67f93b8,0x00000000e6800000)
  to   space 15872K, 0% used [0x00000000ecb00000,0x00000000ecb00000,0x00000000eda80000)
 ParOldGen       total 66560K, used 18198K [0x0000000080e00000, 0x0000000084f00000, 0x00000000d5a00000)
  object space 66560K, 27% used [0x0000000080e00000,0x0000000081fc5a00,0x0000000084f00000)
 Metaspace       used 34845K, capacity 35200K, committed 35496K, reserved 1079296K
  class space    used 4605K, capacity 4715K, committed 4784K, reserved 1048576K
GC Heap History (10 events):
Event: 3.012 GC heap after
Heap after GC invocations=4 (full 0):
 PSYoungGen      total 138240K, used 5097K [0x00000000d5a00000, 0x00000000de600000, 0x0000000100000000)
  eden space 133120K, 0% used [0x00000000d5a00000,0x00000000d5a00000,0x00000000ddc00000)
  from space 5120K, 99% used [0x00000000de100000,0x00000000de5fa688,0x00000000de600000)
  to   space 5120K, 0% used [0x00000000ddc00000,0x00000000ddc00000,0x00000000de100000)
 ParOldGen       total 87552K, used 12685K [0x0000000080e00000, 0x0000000086380000, 0x00000000d5a00000)
  object space 87552K, 14% used [0x0000000080e00000,0x0000000081a63698,0x0000000086380000)
 Metaspace       used 18715K, capacity 19012K, committed 19200K, reserved 1067008K
  class space    used 2455K, capacity 2545K, committed 2560K, reserved 1048576K
}
Event: 3.398 GC heap before
{Heap before GC invocations=5 (full 0):
 PSYoungGen      total 138240K, used 59112K [0x00000000d5a00000, 0x00000000de600000, 0x0000000100000000)
  eden space 133120K, 40% used [0x00000000d5a00000,0x00000000d8ebfa70,0x00000000ddc00000)
  from space 5120K, 99% used [0x00000000de100000,0x00000000de5fa688,0x00000000de600000)
  to   space 5120K, 0% used [0x00000000ddc00000,0x00000000ddc00000,0x00000000de100000)
 ParOldGen       total 87552K, used 12685K [0x0000000080e00000, 0x0000000086380000, 0x00000000d5a00000)
  object space 87552K, 14% used [0x0000000080e00000,0x0000000081a63698,0x0000000086380000)
 Metaspace       used 20911K, capacity 21228K, committed 21296K, reserved 1067008K
  class space    used 2772K, capacity 2845K, committed 2864K, reserved 1048576K
Event: 3.409 GC heap after
Heap after GC invocations=5 (full 0):
 PSYoungGen      total 138240K, used 5093K [0x00000000d5a00000, 0x00000000e7600000, 0x0000000100000000)
  eden space 133120K, 0% used [0x00000000d5a00000,0x00000000d5a00000,0x00000000ddc00000)
  from space 5120K, 99% used [0x00000000ddc00000,0x00000000de0f9718,0x00000000de100000)
  to   space 12288K, 0% used [0x00000000e6a00000,0x00000000e6a00000,0x00000000e7600000)
 ParOldGen       total 87552K, used 16311K [0x0000000080e00000, 0x0000000086380000, 0x00000000d5a00000)
  object space 87552K, 18% used [0x0000000080e00000,0x0000000081dedce8,0x0000000086380000)
 Metaspace       used 20911K, capacity 21228K, committed 21296K, reserved 1067008K
  class space    used 2772K, capacity 2845K, committed 2864K, reserved 1048576K
}
Event: 3.409 GC heap before
{Heap before GC invocations=6 (full 1):
 PSYoungGen      total 138240K, used 5093K [0x00000000d5a00000, 0x00000000e7600000, 0x0000000100000000)
  eden space 133120K, 0% used [0x00000000d5a00000,0x00000000d5a00000,0x00000000ddc00000)
  from space 5120K, 99% used [0x00000000ddc00000,0x00000000de0f9718,0x00000000de100000)
  to   space 12288K, 0% used [0x00000000e6a00000,0x00000000e6a00000,0x00000000e7600000)
 ParOldGen       total 87552K, used 16311K [0x0000000080e00000, 0x0000000086380000, 0x00000000d5a00000)
  object space 87552K, 18% used [0x0000000080e00000,0x0000000081dedce8,0x0000000086380000)
 Metaspace       used 20911K, capacity 21228K, committed 21296K, reserved 1067008K
  class space    used 2772K, capacity 2845K, committed 2864K, reserved 1048576K
Event: 3.467 GC heap after
Heap after GC invocations=6 (full 1):
 PSYoungGen      total 138240K, used 0K [0x00000000d5a00000, 0x00000000e7600000, 0x0000000100000000)
  eden space 133120K, 0% used [0x00000000d5a00000,0x00000000d5a00000,0x00000000ddc00000)
  from space 5120K, 0% used [0x00000000ddc00000,0x00000000ddc00000,0x00000000de100000)
  to   space 12288K, 0% used [0x00000000e6a00000,0x00000000e6a00000,0x00000000e7600000)
 ParOldGen       total 66560K, used 15842K [0x0000000080e00000, 0x0000000084f00000, 0x00000000d5a00000)
  object space 66560K, 23% used [0x0000000080e00000,0x0000000081d78a40,0x0000000084f00000)
 Metaspace       used 20911K, capacity 21228K, committed 21296K, reserved 1067008K
  class space    used 2772K, capacity 2845K, committed 2864K, reserved 1048576K
}
Event: 4.529 GC heap before
{Heap before GC invocations=7 (full 1):
 PSYoungGen      total 138240K, used 133120K [0x00000000d5a00000, 0x00000000e7600000, 0x0000000100000000)
  eden space 133120K, 100% used [0x00000000d5a00000,0x00000000ddc00000,0x00000000ddc00000)
  from space 5120K, 0% used [0x00000000ddc00000,0x00000000ddc00000,0x00000000de100000)
  to   space 12288K, 0% used [0x00000000e6a00000,0x00000000e6a00000,0x00000000e7600000)
 ParOldGen       total 66560K, used 15842K [0x0000000080e00000, 0x0000000084f00000, 0x00000000d5a00000)
  object space 66560K, 23% used [0x0000000080e00000,0x0000000081d78a40,0x0000000084f00000)
 Metaspace       used 27507K, capacity 27886K, committed 28208K, reserved 1073152K
  class space    used 3518K, capacity 3624K, committed 3632K, reserved 1048576K
Event: 4.551 GC heap after
Heap after GC invocations=7 (full 1):
 PSYoungGen      total 231424K, used 10514K [0x00000000d5a00000, 0x00000000e7480000, 0x0000000100000000)
  eden space 220672K, 0% used [0x00000000d5a00000,0x00000000d5a00000,0x00000000e3180000)
  from space 10752K, 97% used [0x00000000e6a00000,0x00000000e7444960,0x00000000e7480000)
  to   space 12800K, 0% used [0x00000000e5b80000,0x00000000e5b80000,0x00000000e6800000)
 ParOldGen       total 66560K, used 15850K [0x0000000080e00000, 0x0000000084f00000, 0x00000000d5a00000)
  object space 66560K, 23% used [0x0000000080e00000,0x0000000081d7aa40,0x0000000084f00000)
 Metaspace       used 27507K, capacity 27886K, committed 28208K, reserved 1073152K
  class space    used 3518K, capacity 3624K, committed 3632K, reserved 1048576K
}
Event: 5.261 GC heap before
{Heap before GC invocations=8 (full 1):
 PSYoungGen      total 231424K, used 112488K [0x00000000d5a00000, 0x00000000e7480000, 0x0000000100000000)
  eden space 220672K, 46% used [0x00000000d5a00000,0x00000000dbd95770,0x00000000e3180000)
  from space 10752K, 97% used [0x00000000e6a00000,0x00000000e7444960,0x00000000e7480000)
  to   space 12800K, 0% used [0x00000000e5b80000,0x00000000e5b80000,0x00000000e6800000)
 ParOldGen       total 66560K, used 15850K [0x0000000080e00000, 0x0000000084f00000, 0x00000000d5a00000)
  object space 66560K, 23% used [0x0000000080e00000,0x0000000081d7aa40,0x0000000084f00000)
 Metaspace       used 34845K, capacity 35200K, committed 35496K, reserved 1079296K
  class space    used 4605K, capacity 4715K, committed 4784K, reserved 1048576K
Event: 5.278 GC heap after
Heap after GC invocations=8 (full 1):
 PSYoungGen      total 276480K, used 12772K [0x00000000d5a00000, 0x00000000eda80000, 0x0000000100000000)
  eden space 263680K, 0% used [0x00000000d5a00000,0x00000000d5a00000,0x00000000e5b80000)
  from space 12800K, 99% used [0x00000000e5b80000,0x00000000e67f93b8,0x00000000e6800000)
  to   space 15872K, 0% used [0x00000000ecb00000,0x00000000ecb00000,0x00000000eda80000)
 ParOldGen       total 66560K, used 18198K [0x0000000080e00000, 0x0000000084f00000, 0x00000000d5a00000)
  object space 66560K, 27% used [0x0000000080e00000,0x0000000081fc5a00,0x0000000084f00000)
 Metaspace       used 34845K, capacity 35200K, committed 35496K, reserved 1079296K
  class space    used 4605K, capacity 4715K, committed 4784K, reserved 1048576K
}
Event: 5.278 GC heap before
{Heap before GC invocations=9 (full 2):
 PSYoungGen      total 276480K, used 12772K [0x00000000d5a00000, 0x00000000eda80000, 0x0000000100000000)
  eden space 263680K, 0% used [0x00000000d5a00000,0x00000000d5a00000,0x00000000e5b80000)
  from space 12800K, 99% used [0x00000000e5b80000,0x00000000e67f93b8,0x00000000e6800000)
  to   space 15872K, 0% used [0x00000000ecb00000,0x00000000ecb00000,0x00000000eda80000)
 ParOldGen       total 66560K, used 18198K [0x0000000080e00000, 0x0000000084f00000, 0x00000000d5a00000)
  object space 66560K, 27% used [0x0000000080e00000,0x0000000081fc5a00,0x0000000084f00000)
 Metaspace       used 34845K, capacity 35200K, committed 35496K, reserved 1079296K
  class space    used 4605K, capacity 4715K, committed 4784K, reserved 1048576K

